{"timestamp":"2025-07-05 23:51:14","level":"warn","message":"CSRF violation detected","service":"cotchel-server","environment":"development","requestId":"e9ec2mpe1l6ftvk2gl4sb","ip":"::1","url":"/auth/login","method":"POST","userAgent":"Mozilla/5.0 (iPhone; CPU iPhone OS 16_6 like Mac OS X) AppleWebKit/605.1.15 (KHTML, like Gecko) Version/16.6 Mobile/15E148 Safari/604.1","details":{"error":"invalid csrf token","token":"missing"}}
{"timestamp":"2025-07-05 23:51:14","level":"warn","message":"Request completed","service":"cotchel-server","environment":"development","requestId":"e9ec2mpe1l6ftvk2gl4sb","method":"POST","url":"/api/auth/login","statusCode":403,"duration":"90ms","ip":"::1","userId":"anonymous"}
{"timestamp":"2025-07-06 00:10:18","level":"warn","message":"Request completed","service":"cotchel-server","environment":"development","requestId":"uw76wf46bncdned58bwy","method":"GET","url":"/seller?page=1&limit=10","statusCode":403,"duration":"14ms","ip":"::1","userId":"anonymous"}
{"timestamp":"2025-07-06 00:10:18","level":"warn","message":"Request completed","service":"cotchel-server","environment":"development","requestId":"x2c2wek9qif0x0xe8rnta6","method":"GET","url":"/seller?page=1&limit=10","statusCode":403,"duration":"28ms","ip":"::1","userId":"anonymous"}
{"timestamp":"2025-07-06 00:18:32","level":"warn","message":"CSRF violation detected","service":"cotchel-server","environment":"development","requestId":"5sg9q80e27wkuiyehgf2ej","ip":"::1","url":"/cart/remove-item/67a7af8fa31a222cedc6dcf8","method":"DELETE","userAgent":"Mozilla/5.0 (Windows NT 10.0; Win64; x64) AppleWebKit/537.36 (KHTML, like Gecko) Chrome/138.0.0.0 Safari/537.36","details":{"error":"invalid csrf token","token":"missing"}}
{"timestamp":"2025-07-06 00:18:32","level":"warn","message":"Request completed","service":"cotchel-server","environment":"development","requestId":"5sg9q80e27wkuiyehgf2ej","method":"DELETE","url":"/api/cart/remove-item/67a7af8fa31a222cedc6dcf8","statusCode":403,"duration":"10ms","ip":"::1","userId":"anonymous"}
{"timestamp":"2025-07-06 00:19:00","level":"warn","message":"Request completed","service":"cotchel-server","environment":"development","requestId":"l1s8ogcpfqml9yo5sp4vb","method":"GET","url":"/seller?page=1&limit=10","statusCode":403,"duration":"23ms","ip":"::1","userId":"anonymous"}
{"timestamp":"2025-07-06 00:19:01","level":"warn","message":"Request completed","service":"cotchel-server","environment":"development","requestId":"qdmfjksxfmetzz3rnct7r","method":"GET","url":"/seller?page=1&limit=10","statusCode":403,"duration":"32ms","ip":"::1","userId":"anonymous"}
{"timestamp":"2025-07-06 00:19:01","level":"warn","message":"Request completed","service":"cotchel-server","environment":"development","requestId":"emvmsmo4qg6791jig7d03m","method":"GET","url":"/seller?page=1&limit=10","statusCode":403,"duration":"32ms","ip":"::1","userId":"anonymous"}
{"timestamp":"2025-07-06 00:19:55","level":"warn","message":"Request completed","service":"cotchel-server","environment":"development","requestId":"c1jayv1no5ge1dommr4r5r","method":"GET","url":"/seller?page=1&limit=10","statusCode":403,"duration":"96ms","ip":"::1","userId":"anonymous"}
{"timestamp":"2025-07-06 00:19:56","level":"warn","message":"Request completed","service":"cotchel-server","environment":"development","requestId":"narezenh5y8b54uakjnhj","method":"GET","url":"/seller?page=1&limit=10","statusCode":403,"duration":"77ms","ip":"::1","userId":"anonymous"}
{"timestamp":"2025-07-06 00:21:23","level":"warn","message":"CSRF violation detected","service":"cotchel-server","environment":"development","requestId":"172zkwdmaof7e1fk5txl0w","ip":"::1","url":"/cart/add-item","method":"POST","userAgent":"Mozilla/5.0 (iPhone; CPU iPhone OS 16_6 like Mac OS X) AppleWebKit/605.1.15 (KHTML, like Gecko) Version/16.6 Mobile/15E148 Safari/604.1","details":{"error":"invalid csrf token","token":"missing"}}
{"timestamp":"2025-07-06 00:21:23","level":"warn","message":"Request completed","service":"cotchel-server","environment":"development","requestId":"172zkwdmaof7e1fk5txl0w","method":"POST","url":"/api/cart/add-item","statusCode":403,"duration":"44ms","ip":"::1","userId":"anonymous"}
{"timestamp":"2025-07-06 00:40:00","level":"warn","message":"Request completed","service":"cotchel-server","environment":"development","requestId":"hnc7kaehxutc06y99qcw7e","method":"GET","url":"/seller?page=1&limit=10","statusCode":403,"duration":"36ms","ip":"::1","userId":"anonymous"}
{"timestamp":"2025-07-06 00:52:32","level":"warn","message":"Request completed","service":"cotchel-server","environment":"development","requestId":"389ee9ev11c8tglejab0wt","method":"GET","url":"/seller?page=1&limit=10","statusCode":403,"duration":"18ms","ip":"::1","userId":"anonymous"}
{"timestamp":"2025-07-06 00:55:28","level":"warn","message":"Request completed","service":"cotchel-server","environment":"development","requestId":"m2uhmsd8fdc72zcypm5ou2","method":"GET","url":"/seller?page=1&limit=10","statusCode":403,"duration":"8ms","ip":"::1","userId":"anonymous"}
{"timestamp":"2025-07-06 00:58:14","level":"warn","message":"Request completed","service":"cotchel-server","environment":"development","requestId":"iobq2i0r11ggb9hiyclpml","method":"GET","url":"/seller?page=1&limit=10","statusCode":403,"duration":"23ms","ip":"::1","userId":"anonymous"}
{"timestamp":"2025-07-06 00:58:15","level":"warn","message":"Request completed","service":"cotchel-server","environment":"development","requestId":"azgpql1d4ptwu9ckbnsqt","method":"GET","url":"/seller?page=1&limit=10","statusCode":403,"duration":"258ms","ip":"::1","userId":"anonymous"}
{"timestamp":"2025-07-06 00:58:15","level":"warn","message":"Request completed","service":"cotchel-server","environment":"development","requestId":"wmc6aqrcr3gumqds7a5cc","method":"GET","url":"/seller?page=1&limit=10","statusCode":403,"duration":"6ms","ip":"::1","userId":"anonymous"}
{"timestamp":"2025-07-06 01:00:26","level":"warn","message":"Request completed","service":"cotchel-server","environment":"development","requestId":"gouyxn7oddugkp3c96q42","method":"GET","url":"/seller?page=1&limit=10","statusCode":403,"duration":"11ms","ip":"::1","userId":"anonymous"}
{"timestamp":"2025-07-06 01:00:26","level":"warn","message":"Request completed","service":"cotchel-server","environment":"development","requestId":"vnfxtq8sphczo2g3vsgjg","method":"GET","url":"/seller?page=1&limit=10","statusCode":403,"duration":"7ms","ip":"::1","userId":"anonymous"}
{"timestamp":"2025-07-06 01:00:34","level":"warn","message":"CSRF violation detected","service":"cotchel-server","environment":"development","requestId":"ed5xtymmt1e3c0w12pi5p","ip":"::1","url":"/auth/update-last-active-role","method":"PUT","userAgent":"Mozilla/5.0 (Windows NT 10.0; Win64; x64) AppleWebKit/537.36 (KHTML, like Gecko) Chrome/138.0.0.0 Safari/537.36","details":{"error":"invalid csrf token","token":"missing"}}
{"timestamp":"2025-07-06 01:00:35","level":"warn","message":"Request completed","service":"cotchel-server","environment":"development","requestId":"ed5xtymmt1e3c0w12pi5p","method":"PUT","url":"/api/auth/update-last-active-role","statusCode":403,"duration":"9ms","ip":"::1","userId":"anonymous"}
{"timestamp":"2025-07-06 01:00:51","level":"warn","message":"Request completed","service":"cotchel-server","environment":"development","requestId":"q15ne737n3p1e3h10bezc1h","method":"GET","url":"/seller?page=1&limit=10","statusCode":403,"duration":"4ms","ip":"::1","userId":"anonymous"}
{"timestamp":"2025-07-06 01:49:23","level":"warn","message":"CSRF violation detected","service":"cotchel-server","environment":"development","requestId":"1rjixay0jxqoiph3ehoyo","ip":"::1","url":"/auth/update-last-active-role","method":"PUT","userAgent":"Mozilla/5.0 (Windows NT 10.0; Win64; x64) AppleWebKit/537.36 (KHTML, like Gecko) Chrome/138.0.0.0 Safari/537.36","details":{"error":"invalid csrf token","token":"missing"}}
{"timestamp":"2025-07-06 01:49:23","level":"warn","message":"Request completed","service":"cotchel-server","environment":"development","requestId":"1rjixay0jxqoiph3ehoyo","method":"PUT","url":"/api/auth/update-last-active-role","statusCode":403,"duration":"46ms","ip":"::1","userId":"anonymous"}
{"timestamp":"2025-07-06 01:51:12","level":"warn","message":"CSRF violation detected","service":"cotchel-server","environment":"development","requestId":"e6qjs4utj3969hhj7nd15","ip":"::1","url":"/wishlist/remove","method":"POST","userAgent":"Mozilla/5.0 (Windows NT 10.0; Win64; x64) AppleWebKit/537.36 (KHTML, like Gecko) Chrome/138.0.0.0 Safari/537.36","details":{"error":"invalid csrf token","token":"missing"}}
{"timestamp":"2025-07-06 01:51:12","level":"warn","message":"Request completed","service":"cotchel-server","environment":"development","requestId":"e6qjs4utj3969hhj7nd15","method":"POST","url":"/api/wishlist/remove","statusCode":403,"duration":"11ms","ip":"::1","userId":"anonymous"}
{"timestamp":"2025-07-06 01:56:14","level":"warn","message":"CSRF violation detected","service":"cotchel-server","environment":"development","requestId":"tmhv8it4sdkedjjn3pi5p","ip":"::1","url":"/auth/update-last-active-role","method":"PUT","userAgent":"Mozilla/5.0 (Windows NT 10.0; Win64; x64) AppleWebKit/537.36 (KHTML, like Gecko) Chrome/138.0.0.0 Safari/537.36","details":{"error":"invalid csrf token","token":"missing"}}
{"timestamp":"2025-07-06 01:56:14","level":"warn","message":"Request completed","service":"cotchel-server","environment":"development","requestId":"tmhv8it4sdkedjjn3pi5p","method":"PUT","url":"/api/auth/update-last-active-role","statusCode":403,"duration":"155ms","ip":"::1","userId":"anonymous"}
{"timestamp":"2025-07-06 02:02:58","level":"warn","message":"Request completed","service":"cotchel-server","environment":"development","requestId":"epnm9qxbb6gqczwnztn7h","method":"GET","url":"/seller","statusCode":403,"duration":"87ms","ip":"::1","userId":"anonymous"}
{"timestamp":"2025-07-06 02:19:16","level":"warn","message":"Request completed","service":"cotchel-server","environment":"development","requestId":"tf47vcyp3f7g7rtdzlf89","method":"GET","url":"/api/seller/dashboard","statusCode":500,"duration":"302ms","ip":"::1","userId":"anonymous"}
{"timestamp":"2025-07-06 02:19:16","level":"warn","message":"Request completed","service":"cotchel-server","environment":"development","requestId":"ta1dykhdco2n81kzkiorw","method":"GET","url":"/api/seller/dashboard","statusCode":500,"duration":"188ms","ip":"::1","userId":"anonymous"}
{"timestamp":"2025-07-06 02:20:12","level":"warn","message":"Request completed","service":"cotchel-server","environment":"development","requestId":"njvzp0127k8095bqo1lz9s","method":"GET","url":"/api/seller/dashboard","statusCode":500,"duration":"76ms","ip":"::1","userId":"anonymous"}
{"timestamp":"2025-07-06 02:20:12","level":"warn","message":"Request completed","service":"cotchel-server","environment":"development","requestId":"rbfx7cwcpfmcylgk7pzae","method":"GET","url":"/api/seller/dashboard","statusCode":500,"duration":"71ms","ip":"::1","userId":"anonymous"}
{"timestamp":"2025-07-06 02:22:29","level":"warn","message":"Request completed","service":"cotchel-server","environment":"development","requestId":"314klkifpi8he0yxblx0k","method":"GET","url":"/seller?page=1&limit=10","statusCode":403,"duration":"7ms","ip":"::1","userId":"anonymous"}
{"timestamp":"2025-07-06 02:22:29","level":"warn","message":"Request completed","service":"cotchel-server","environment":"development","requestId":"r2oq1ia1ifq7glynvzxf","method":"GET","url":"/seller","statusCode":403,"duration":"8ms","ip":"::1","userId":"anonymous"}
{"timestamp":"2025-07-06 02:22:29","level":"warn","message":"Request completed","service":"cotchel-server","environment":"development","requestId":"m5d8j8m4nmpcyplfhr2dbv","method":"GET","url":"/seller","statusCode":403,"duration":"62ms","ip":"::1","userId":"anonymous"}
{"timestamp":"2025-07-06 02:25:52","level":"warn","message":"Request completed","service":"cotchel-server","environment":"development","requestId":"c28chmjku7r8c23hsso9i2","method":"GET","url":"/seller?page=1&limit=10","statusCode":403,"duration":"9ms","ip":"::1","userId":"anonymous"}
{"timestamp":"2025-07-06 02:25:53","level":"warn","message":"Request completed","service":"cotchel-server","environment":"development","requestId":"kwy5m6jqt24bvc683mz4q","method":"GET","url":"/seller","statusCode":403,"duration":"7ms","ip":"::1","userId":"anonymous"}
{"timestamp":"2025-07-06 02:25:53","level":"warn","message":"Request completed","service":"cotchel-server","environment":"development","requestId":"8o6wema9bjop2tkj8hdem","method":"GET","url":"/seller","statusCode":403,"duration":"6ms","ip":"::1","userId":"anonymous"}
{"timestamp":"2025-07-06 02:26:03","level":"warn","message":"Request completed","service":"cotchel-server","environment":"development","requestId":"1if5fe45ppr9un0bl4yl5k","method":"GET","url":"/api/[object%20Object]?page=1&limit=12&category=67973970bdfb4ada6f197488&maxPrice=50000","statusCode":404,"duration":"15ms","ip":"::1","userId":"anonymous"}
{"timestamp":"2025-07-06 02:26:03","level":"warn","message":"Request completed","service":"cotchel-server","environment":"development","requestId":"xt9b8yr6trp2aga1w50ypo","method":"GET","url":"/api/[object%20Object]?page=1&limit=12&category=67973970bdfb4ada6f197488&maxPrice=50000","statusCode":404,"duration":"50ms","ip":"::1","userId":"anonymous"}
{"timestamp":"2025-07-06 02:28:29","level":"warn","message":"Request completed","service":"cotchel-server","environment":"development","requestId":"95ha8qdqxfouretlgvprzc","method":"GET","url":"/seller?page=1&limit=10","statusCode":403,"duration":"11ms","ip":"::1","userId":"anonymous"}
{"timestamp":"2025-07-06 02:28:29","level":"warn","message":"Request completed","service":"cotchel-server","environment":"development","requestId":"xjus7iryxy8t34w198wz8e","method":"GET","url":"/seller?page=1&limit=10","statusCode":403,"duration":"12ms","ip":"::1","userId":"anonymous"}
{"timestamp":"2025-07-06 11:16:52","level":"warn","message":"Request completed","service":"cotchel-server","environment":"development","requestId":"b8d35a6blcb8vb992fv4rn","method":"GET","url":"/seller?page=1&limit=10","statusCode":403,"duration":"6ms","ip":"::1","userId":"anonymous"}
{"timestamp":"2025-07-06 11:16:52","level":"warn","message":"Request completed","service":"cotchel-server","environment":"development","requestId":"646jphj2llatchsf240nkb","method":"GET","url":"/seller?page=1&limit=10","statusCode":403,"duration":"4ms","ip":"::1","userId":"anonymous"}
{"timestamp":"2025-07-06 11:17:05","level":"warn","message":"Request completed","service":"cotchel-server","environment":"development","requestId":"qw4aiu38z7mo5ifhebbhpn","method":"GET","url":"/api/[object%20Object]?page=1&limit=12&category=67973970bdfb4ada6f197488&maxPrice=50000","statusCode":404,"duration":"49ms","ip":"::1","userId":"anonymous"}
{"timestamp":"2025-07-06 11:17:05","level":"warn","message":"Request completed","service":"cotchel-server","environment":"development","requestId":"lbujhkxmugnb7otltf1kh","method":"GET","url":"/api/[object%20Object]?page=1&limit=12&category=67973970bdfb4ada6f197488&maxPrice=50000","statusCode":404,"duration":"19ms","ip":"::1","userId":"anonymous"}
{"timestamp":"2025-07-06 11:21:00","level":"warn","message":"Request completed","service":"cotchel-server","environment":"development","requestId":"rye5lf78volc76qguym5ac","method":"GET","url":"/seller?page=1&limit=10","statusCode":403,"duration":"15ms","ip":"::1","userId":"anonymous"}
{"timestamp":"2025-07-06 11:22:10","level":"warn","message":"Request completed","service":"cotchel-server","environment":"development","requestId":"yq7kaak6sac7tdm9uozz5","method":"GET","url":"/seller","statusCode":403,"duration":"4ms","ip":"::1","userId":"anonymous"}
{"timestamp":"2025-07-06 11:22:10","level":"warn","message":"Request completed","service":"cotchel-server","environment":"development","requestId":"ijzifxvxl3e7ki6wk2rdem","method":"GET","url":"/seller","statusCode":403,"duration":"5ms","ip":"::1","userId":"anonymous"}
{"timestamp":"2025-07-06 11:22:27","level":"warn","message":"Request completed","service":"cotchel-server","environment":"development","requestId":"12ll5kyg7kprda1rn4u3wc6","method":"GET","url":"/seller","statusCode":403,"duration":"5ms","ip":"::1","userId":"anonymous"}
{"timestamp":"2025-07-06 11:22:27","level":"warn","message":"Request completed","service":"cotchel-server","environment":"development","requestId":"fuj874rueu9x0ic14568k","method":"GET","url":"/seller","statusCode":403,"duration":"5ms","ip":"::1","userId":"anonymous"}
{"timestamp":"2025-07-06 11:23:47","level":"warn","message":"Request completed","service":"cotchel-server","environment":"development","requestId":"dwwqt508ud8owav0wms5fn","method":"GET","url":"/seller","statusCode":403,"duration":"45ms","ip":"::1","userId":"anonymous"}
{"timestamp":"2025-07-06 11:23:48","level":"warn","message":"Request completed","service":"cotchel-server","environment":"development","requestId":"wh5lrc93zdc948by2nv89d","method":"GET","url":"/seller","statusCode":403,"duration":"297ms","ip":"::1","userId":"anonymous"}
{"timestamp":"2025-07-06 11:23:52","level":"warn","message":"Request completed","service":"cotchel-server","environment":"development","requestId":"5zuh6yvi3yg2yjeglt9her","method":"GET","url":"/seller","statusCode":403,"duration":"6ms","ip":"::1","userId":"anonymous"}
{"timestamp":"2025-07-06 11:23:52","level":"warn","message":"Request completed","service":"cotchel-server","environment":"development","requestId":"9em6gnlcq8b1p2cdi1a8","method":"GET","url":"/seller","statusCode":403,"duration":"8ms","ip":"::1","userId":"anonymous"}
{"timestamp":"2025-07-06 11:26:52","level":"warn","message":"Request completed","service":"cotchel-server","environment":"development","requestId":"srn6589jbhhin8zyrjfxr","method":"GET","url":"/cart/item-count","statusCode":429,"duration":"4ms","ip":"::1","userId":"anonymous"}
{"timestamp":"2025-07-06 11:26:52","level":"warn","message":"Request completed","service":"cotchel-server","environment":"development","requestId":"8svohgqdkbe0iewglpvflkq","method":"GET","url":"/notifications/seller","statusCode":429,"duration":"4ms","ip":"::1","userId":"anonymous"}
{"timestamp":"2025-07-06 11:26:52","level":"warn","message":"Request completed","service":"cotchel-server","environment":"development","requestId":"ycmozcjxp09ghrjzh0qkan","method":"GET","url":"/notifications/seller","statusCode":429,"duration":"2ms","ip":"::1","userId":"anonymous"}
{"timestamp":"2025-07-06 11:26:52","level":"warn","message":"Request completed","service":"cotchel-server","environment":"development","requestId":"wu6bsaplh3ht8cegz2ite","method":"GET","url":"/notifications/seller?page=1&limit=10","statusCode":429,"duration":"3ms","ip":"::1","userId":"anonymous"}
{"timestamp":"2025-07-06 11:26:59","level":"warn","message":"Request completed","service":"cotchel-server","environment":"development","requestId":"scwmy0f2ns9jjce05hmyq","method":"GET","url":"/cart/item-count","statusCode":429,"duration":"3ms","ip":"::1","userId":"anonymous"}
{"timestamp":"2025-07-06 11:26:59","level":"warn","message":"Request completed","service":"cotchel-server","environment":"development","requestId":"orq2axt7j7mcwdvxqqpb6d","method":"GET","url":"/notifications/seller?page=1&limit=10","statusCode":429,"duration":"3ms","ip":"::1","userId":"anonymous"}
{"timestamp":"2025-07-06 11:27:02","level":"warn","message":"Request completed","service":"cotchel-server","environment":"development","requestId":"hukhj03d0ggiq5gcpzmli","method":"GET","url":"/address","statusCode":429,"duration":"3ms","ip":"::1","userId":"anonymous"}
{"timestamp":"2025-07-06 11:27:02","level":"warn","message":"Request completed","service":"cotchel-server","environment":"development","requestId":"g7x8yv96zskck3m4hmsotr","method":"GET","url":"/address","statusCode":429,"duration":"5ms","ip":"::1","userId":"anonymous"}
{"timestamp":"2025-07-06 11:27:13","level":"warn","message":"Request completed","service":"cotchel-server","environment":"development","requestId":"q9jqi6qw2vpxst0ddegy3p","method":"GET","url":"/categories/all","statusCode":429,"duration":"4ms","ip":"::1","userId":"anonymous"}
{"timestamp":"2025-07-06 11:27:13","level":"warn","message":"Request completed","service":"cotchel-server","environment":"development","requestId":"yqfhqisst28p1b47jxnzdo","method":"GET","url":"/categories/all","statusCode":429,"duration":"4ms","ip":"::1","userId":"anonymous"}
{"timestamp":"2025-07-06 11:27:13","level":"warn","message":"Request completed","service":"cotchel-server","environment":"development","requestId":"bievqg27ivqzlq2orvpsg","method":"GET","url":"/auth/me","statusCode":429,"duration":"4ms","ip":"::1","userId":"anonymous"}
{"timestamp":"2025-07-06 11:27:13","level":"warn","message":"Request completed","service":"cotchel-server","environment":"development","requestId":"gvwnymhzp1vzf0m0zuypxq","method":"GET","url":"/auth/me","statusCode":429,"duration":"4ms","ip":"::1","userId":"anonymous"}
{"timestamp":"2025-07-06 11:49:31","level":"warn","message":"Request completed","service":"cotchel-server","environment":"development","requestId":"4uttyyuz9bs7tlkpestp6t","method":"GET","url":"/seller?page=1&limit=10","statusCode":403,"duration":"9ms","ip":"::ffff:127.0.0.1","userId":"anonymous"}
{"timestamp":"2025-07-06 11:49:31","level":"warn","message":"Request completed","service":"cotchel-server","environment":"development","requestId":"6f4c74mcnv4xfpqulc3mx","method":"GET","url":"/seller?page=1&limit=10","statusCode":403,"duration":"14ms","ip":"::ffff:127.0.0.1","userId":"anonymous"}
{"timestamp":"2025-07-06 11:49:37","level":"warn","message":"Request completed","service":"cotchel-server","environment":"development","requestId":"gmyb24udukixu0q082u8k","method":"GET","url":"/seller","statusCode":403,"duration":"14ms","ip":"::1","userId":"anonymous"}
{"timestamp":"2025-07-06 11:49:37","level":"warn","message":"Request completed","service":"cotchel-server","environment":"development","requestId":"acf2qj7bzri6diwmapazri","method":"GET","url":"/seller","statusCode":403,"duration":"24ms","ip":"::1","userId":"anonymous"}
{"timestamp":"2025-07-06 11:50:29","level":"warn","message":"Request completed","service":"cotchel-server","environment":"development","requestId":"7z13zsms7agwwkemn535cl","method":"GET","url":"/seller","statusCode":403,"duration":"21ms","ip":"::1","userId":"anonymous"}
{"timestamp":"2025-07-06 11:50:30","level":"warn","message":"Request completed","service":"cotchel-server","environment":"development","requestId":"m6uzks524k5a5vmpljzg8","method":"GET","url":"/seller?page=1&limit=10","statusCode":403,"duration":"30ms","ip":"::1","userId":"anonymous"}
{"timestamp":"2025-07-06 11:50:30","level":"warn","message":"Request completed","service":"cotchel-server","environment":"development","requestId":"qqdg4t81rrpd8md1mi4t8j","method":"GET","url":"/seller","statusCode":403,"duration":"12ms","ip":"::1","userId":"anonymous"}
{"timestamp":"2025-07-06 11:50:30","level":"warn","message":"Request completed","service":"cotchel-server","environment":"development","requestId":"yh18vbcem3bhnx3wc9ulxt","method":"GET","url":"/seller?page=1&limit=10","statusCode":403,"duration":"15ms","ip":"::1","userId":"anonymous"}
{"timestamp":"2025-07-06 11:51:07","level":"warn","message":"Request completed","service":"cotchel-server","environment":"development","requestId":"1707gwzpyeyy7wzdv6xlc","method":"GET","url":"/seller","statusCode":403,"duration":"16ms","ip":"::1","userId":"anonymous"}
{"timestamp":"2025-07-06 11:51:07","level":"warn","message":"Request completed","service":"cotchel-server","environment":"development","requestId":"ovf6l48mc1boys5wnpkiqq","method":"GET","url":"/seller?page=1&limit=10","statusCode":403,"duration":"12ms","ip":"::1","userId":"anonymous"}
{"timestamp":"2025-07-06 11:51:07","level":"warn","message":"Request completed","service":"cotchel-server","environment":"development","requestId":"im8dajswd3jnrv4zgsi7y","method":"GET","url":"/seller","statusCode":403,"duration":"18ms","ip":"::1","userId":"anonymous"}
{"timestamp":"2025-07-06 11:51:07","level":"warn","message":"Request completed","service":"cotchel-server","environment":"development","requestId":"vey85ebypylaaixpj3yxll","method":"GET","url":"/seller?page=1&limit=10","statusCode":403,"duration":"5ms","ip":"::1","userId":"anonymous"}
{"timestamp":"2025-07-06 12:39:32","level":"warn","message":"Request completed","service":"cotchel-server","environment":"development","requestId":"are9mjd79he5y52ieaf9q3","method":"GET","url":"/seller?page=1&limit=10","statusCode":403,"duration":"5ms","ip":"::1","userId":"anonymous"}
{"timestamp":"2025-07-06 12:39:32","level":"warn","message":"Request completed","service":"cotchel-server","environment":"development","requestId":"5xclnsc0mt5a3ru5kvmhyg","method":"GET","url":"/seller?page=1&limit=10","statusCode":403,"duration":"4ms","ip":"::1","userId":"anonymous"}
{"timestamp":"2025-07-06 13:06:43","level":"warn","message":"Request completed","service":"cotchel-server","environment":"development","requestId":"hpnfvv3jnke5yk9lmeiit4","method":"GET","url":"/api/undefined/67a0be9935348dc1230b8c3d","statusCode":404,"duration":"85ms","ip":"::1","userId":"anonymous"}
{"timestamp":"2025-07-06 13:06:43","level":"warn","message":"Request completed","service":"cotchel-server","environment":"development","requestId":"mffjr3bg9bd8ye2n1ldlgq","method":"GET","url":"/api/undefined/67a0be9935348dc1230b8c3d","statusCode":404,"duration":"88ms","ip":"::1","userId":"anonymous"}
{"timestamp":"2025-07-06 13:07:23","level":"warn","message":"Request completed","service":"cotchel-server","environment":"development","requestId":"8axe0bqgnvmz03c8249loc","method":"GET","url":"/api/undefined/67a0be9935348dc1230b8c3d","statusCode":404,"duration":"9ms","ip":"::1","userId":"anonymous"}
{"timestamp":"2025-07-06 13:07:23","level":"warn","message":"Request completed","service":"cotchel-server","environment":"development","requestId":"avpk1qdv03leghsvkigu1v","method":"GET","url":"/api/undefined/67a0be9935348dc1230b8c3d","statusCode":404,"duration":"3ms","ip":"::1","userId":"anonymous"}
{"timestamp":"2025-07-06 14:06:29","level":"warn","message":"Request completed","service":"cotchel-server","environment":"development","requestId":"1diw7lckov6fj1sjzb9d55","method":"GET","url":"/api/undefined/67a0be9935348dc1230b8c3d","statusCode":404,"duration":"3ms","ip":"::1","userId":"anonymous"}
{"timestamp":"2025-07-06 14:06:29","level":"warn","message":"Request completed","service":"cotchel-server","environment":"development","requestId":"c1ystd7wgcpwgu6cul234q","method":"GET","url":"/api/undefined/67a0be9935348dc1230b8c3d","statusCode":404,"duration":"21ms","ip":"::1","userId":"anonymous"}
{"timestamp":"2025-07-06 14:07:50","level":"warn","message":"Request completed","service":"cotchel-server","environment":"development","requestId":"n2x0knh7ayg95wytad7st","method":"GET","url":"/api/undefined/67a0be9935348dc1230b8c3d","statusCode":404,"duration":"221ms","ip":"::1","userId":"anonymous"}
{"timestamp":"2025-07-06 14:07:51","level":"warn","message":"Request completed","service":"cotchel-server","environment":"development","requestId":"hs7hut9l94hjjtn37533pb","method":"GET","url":"/api/undefined/67a0be9935348dc1230b8c3d","statusCode":404,"duration":"31ms","ip":"::1","userId":"anonymous"}
{"timestamp":"2025-07-06 14:09:10","level":"warn","message":"Request completed","service":"cotchel-server","environment":"development","requestId":"4ara4b87stlg1btun8ipfg","method":"GET","url":"/api/undefined/67a0be9935348dc1230b8c3d","statusCode":404,"duration":"29ms","ip":"::1","userId":"anonymous"}
{"timestamp":"2025-07-06 14:09:10","level":"warn","message":"Request completed","service":"cotchel-server","environment":"development","requestId":"3sowl41awk8s9tu6lg0xt","method":"GET","url":"/api/undefined/67a0be9935348dc1230b8c3d","statusCode":404,"duration":"73ms","ip":"::1","userId":"anonymous"}
{"timestamp":"2025-07-06 14:09:56","level":"warn","message":"Request completed","service":"cotchel-server","environment":"development","requestId":"9kpyhekj7qtssj2o5x4l","method":"GET","url":"/seller?page=1&limit=10","statusCode":403,"duration":"4ms","ip":"::1","userId":"anonymous"}
{"timestamp":"2025-07-06 14:12:01","level":"warn","message":"Request completed","service":"cotchel-server","environment":"development","requestId":"vrry65kq9q5le1nsmbps5","method":"GET","url":"/api/undefined/67a0be9935348dc1230b8c3d","statusCode":404,"duration":"19ms","ip":"::1","userId":"anonymous"}
{"timestamp":"2025-07-06 14:12:02","level":"warn","message":"Request completed","service":"cotchel-server","environment":"development","requestId":"i1agngih2vk3mu62zxkzks","method":"GET","url":"/api/undefined/67a0be9935348dc1230b8c3d","statusCode":404,"duration":"259ms","ip":"::1","userId":"anonymous"}
{"timestamp":"2025-07-06 14:12:42","level":"warn","message":"Request completed","service":"cotchel-server","environment":"development","requestId":"10u7kbir6fj382m71qreyh","method":"GET","url":"/api/undefined/67a0be9935348dc1230b8c3d","statusCode":404,"duration":"20ms","ip":"::1","userId":"anonymous"}
{"timestamp":"2025-07-06 14:12:42","level":"warn","message":"Request completed","service":"cotchel-server","environment":"development","requestId":"x1la3v1r24pel89xm4brjn","method":"GET","url":"/api/undefined/67a0be9935348dc1230b8c3d","statusCode":404,"duration":"68ms","ip":"::1","userId":"anonymous"}
{"timestamp":"2025-07-06 14:16:22","level":"warn","message":"Request completed","service":"cotchel-server","environment":"development","requestId":"1ujarvux8rrif4vrpwpphmh","method":"GET","url":"/api/undefined/67a0be9935348dc1230b8c3d","statusCode":404,"duration":"2ms","ip":"::1","userId":"anonymous"}
{"timestamp":"2025-07-06 14:16:22","level":"warn","message":"Request completed","service":"cotchel-server","environment":"development","requestId":"vjmzcznziyq7xelotvu98u","method":"GET","url":"/api/undefined/67a0be9935348dc1230b8c3d","statusCode":404,"duration":"56ms","ip":"::1","userId":"anonymous"}
{"timestamp":"2025-07-06 14:21:35","level":"warn","message":"Request completed","service":"cotchel-server","environment":"development","requestId":"ukpwvtw694hmdyafewp3pl","method":"GET","url":"/api/undefined/67a0be9935348dc1230b8c3d","statusCode":404,"duration":"34ms","ip":"::1","userId":"anonymous"}
{"timestamp":"2025-07-06 14:21:36","level":"warn","message":"Request completed","service":"cotchel-server","environment":"development","requestId":"5yph4mymag7icd54886jv","method":"GET","url":"/api/undefined/67a0be9935348dc1230b8c3d","statusCode":404,"duration":"36ms","ip":"::1","userId":"anonymous"}
{"timestamp":"2025-07-06 14:36:11","level":"warn","message":"Request completed","service":"cotchel-server","environment":"development","requestId":"9dimkifr7a6bo0lhfrphs","method":"GET","url":"/api/undefined/67a0be9935348dc1230b8c3d","statusCode":404,"duration":"9ms","ip":"::1","userId":"anonymous"}
{"timestamp":"2025-07-06 14:36:11","level":"warn","message":"Request completed","service":"cotchel-server","environment":"development","requestId":"55ja2781z4yd0lk8awlfma","method":"GET","url":"/api/undefined/67a0be9935348dc1230b8c3d","statusCode":404,"duration":"13ms","ip":"::1","userId":"anonymous"}
{"timestamp":"2025-07-06 14:37:22","level":"warn","message":"Request completed","service":"cotchel-server","environment":"development","requestId":"mc0cwea332o5c9klc00oa","method":"GET","url":"/seller?page=1&limit=10","statusCode":403,"duration":"24ms","ip":"::1","userId":"anonymous"}
{"timestamp":"2025-07-06 14:39:16","level":"warn","message":"Request completed","service":"cotchel-server","environment":"development","requestId":"i98nezha5nlv1xrg97z6","method":"GET","url":"/seller","statusCode":403,"duration":"9ms","ip":"::1","userId":"anonymous"}
{"timestamp":"2025-07-06 14:39:16","level":"warn","message":"Request completed","service":"cotchel-server","environment":"development","requestId":"rsalj6vtb7mrkjqygw74g","method":"GET","url":"/seller","statusCode":403,"duration":"4ms","ip":"::1","userId":"anonymous"}
{"timestamp":"2025-07-06 14:40:01","level":"warn","message":"Request completed","service":"cotchel-server","environment":"development","requestId":"dldzeo1opz76z7rldb25jp","method":"GET","url":"/seller","statusCode":403,"duration":"4ms","ip":"::1","userId":"anonymous"}
{"timestamp":"2025-07-06 14:40:01","level":"warn","message":"Request completed","service":"cotchel-server","environment":"development","requestId":"wiea4ji03djwjuuf202v","method":"GET","url":"/seller","statusCode":403,"duration":"3ms","ip":"::1","userId":"anonymous"}
{"timestamp":"2025-07-06 14:40:14","level":"warn","message":"Request completed","service":"cotchel-server","environment":"development","requestId":"cfr74bb8ebwplbxiwqomi","method":"GET","url":"/seller","statusCode":403,"duration":"21ms","ip":"::1","userId":"anonymous"}
{"timestamp":"2025-07-06 14:40:14","level":"warn","message":"Request completed","service":"cotchel-server","environment":"development","requestId":"fn9wd78syut1ui2hfx6htr","method":"GET","url":"/seller","statusCode":403,"duration":"36ms","ip":"::1","userId":"anonymous"}
{"timestamp":"2025-07-06 14:55:09","level":"warn","message":"Request completed","service":"cotchel-server","environment":"development","requestId":"2zgi1vk8l381acvz9yjbno","method":"GET","url":"/me","statusCode":401,"duration":"22ms","ip":"::1","userId":"anonymous"}
{"timestamp":"2025-07-06 14:55:09","level":"warn","message":"Request completed","service":"cotchel-server","environment":"development","requestId":"37tbapn0qicbz6440rljq","method":"GET","url":"/me","statusCode":401,"duration":"13ms","ip":"::1","userId":"anonymous"}
{"timestamp":"2025-07-06 14:55:28","level":"warn","message":"Request completed","service":"cotchel-server","environment":"development","requestId":"hgchqb8julfbyzlnx0h1ml","method":"POST","url":"/reset-password","statusCode":400,"duration":"47ms","ip":"::1","userId":"anonymous"}
{"timestamp":"2025-07-06 14:56:12","level":"warn","message":"Request completed","service":"cotchel-server","environment":"development","requestId":"slbt82uzi2qchwbkxakcmh","method":"GET","url":"/me","statusCode":401,"duration":"11ms","ip":"::1","userId":"anonymous"}
{"timestamp":"2025-07-06 14:56:12","level":"warn","message":"Request completed","service":"cotchel-server","environment":"development","requestId":"v8w65e0pirl3es5lj2dopp","method":"GET","url":"/me","statusCode":401,"duration":"14ms","ip":"::1","userId":"anonymous"}
{"timestamp":"2025-07-06 14:56:41","level":"warn","message":"Request completed","service":"cotchel-server","environment":"development","requestId":"sy39fy8mnqln2twhr3tbo","method":"GET","url":"/seller?page=1&limit=10","statusCode":403,"duration":"19ms","ip":"::1","userId":"anonymous"}
{"timestamp":"2025-07-06 14:56:41","level":"warn","message":"Request completed","service":"cotchel-server","environment":"development","requestId":"0xb2b6y2bdk4s164c3tbd","method":"GET","url":"/seller?page=1&limit=10","statusCode":403,"duration":"34ms","ip":"::1","userId":"anonymous"}
{"timestamp":"2025-07-06 14:56:45","level":"warn","message":"Request completed","service":"cotchel-server","environment":"development","requestId":"yfh7cw2nqqgndvh5fapie","method":"GET","url":"/seller","statusCode":403,"duration":"27ms","ip":"::1","userId":"anonymous"}
{"timestamp":"2025-07-06 14:56:45","level":"warn","message":"Request completed","service":"cotchel-server","environment":"development","requestId":"gl6l41rczmdhzntswpwiw","method":"GET","url":"/seller","statusCode":403,"duration":"38ms","ip":"::1","userId":"anonymous"}
{"timestamp":"2025-07-06 14:56:47","level":"warn","message":"Request completed","service":"cotchel-server","environment":"development","requestId":"qxr7ia7lxaqffel09j59sk","method":"GET","url":"/item-count","statusCode":401,"duration":"21ms","ip":"::1","userId":"anonymous"}
{"timestamp":"2025-07-06 15:12:46","level":"warn","message":"Request completed","service":"cotchel-server","environment":"development","requestId":"wh3vhgu6awlomnnand9k","method":"GET","url":"/seller?page=1&limit=10","statusCode":403,"duration":"13ms","ip":"::1","userId":"anonymous"}
{"timestamp":"2025-07-06 15:20:14","level":"warn","message":"Request completed","service":"cotchel-server","environment":"development","requestId":"n71ohu8regkjns5nxnfwaf","method":"GET","url":"/seller?page=1&limit=10","statusCode":403,"duration":"30ms","ip":"::1","userId":"anonymous"}
{"timestamp":"2025-07-06 15:20:14","level":"warn","message":"Request completed","service":"cotchel-server","environment":"development","requestId":"uuomd8fbdcg7jn3rc93fl","method":"GET","url":"/seller?page=1&limit=10","statusCode":403,"duration":"8ms","ip":"::1","userId":"anonymous"}
{"timestamp":"2025-07-06 15:28:28","level":"warn","message":"Request completed","service":"cotchel-server","environment":"development","requestId":"tvwo6k39kyp9uhbdwj9ets","method":"GET","url":"/seller","statusCode":403,"duration":"6ms","ip":"::1","userId":"anonymous"}
{"timestamp":"2025-07-06 15:28:28","level":"warn","message":"Request completed","service":"cotchel-server","environment":"development","requestId":"xd2jxtbopkf1lwnrpr1inc","method":"GET","url":"/seller","statusCode":403,"duration":"23ms","ip":"::1","userId":"anonymous"}
{"timestamp":"2025-07-06 15:52:52","level":"warn","message":"Request completed","service":"cotchel-server","environment":"development","requestId":"wgqgfxkzmbd451jviv66m2","method":"GET","url":"/seller","statusCode":403,"duration":"16ms","ip":"::1","userId":"anonymous"}
{"timestamp":"2025-07-06 15:52:52","level":"warn","message":"Request completed","service":"cotchel-server","environment":"development","requestId":"xf7slcfgcjqos8h217gm9c","method":"GET","url":"/seller","statusCode":403,"duration":"6ms","ip":"::1","userId":"anonymous"}
{"timestamp":"2025-07-06 15:53:46","level":"warn","message":"Request completed","service":"cotchel-server","environment":"development","requestId":"e67yvt5i64blc340ru6r","method":"GET","url":"/seller?page=1&limit=10","statusCode":403,"duration":"18ms","ip":"::1","userId":"anonymous"}
{"timestamp":"2025-07-06 15:53:47","level":"warn","message":"Request completed","service":"cotchel-server","environment":"development","requestId":"8a7us7d4v2wblot8rh4eu7","method":"GET","url":"/seller","statusCode":403,"duration":"4ms","ip":"::1","userId":"anonymous"}
{"timestamp":"2025-07-06 15:53:47","level":"warn","message":"Request completed","service":"cotchel-server","environment":"development","requestId":"z9c8w25376a1enc3f5qz9","method":"GET","url":"/seller","statusCode":403,"duration":"5ms","ip":"::1","userId":"anonymous"}
{"timestamp":"2025-07-06 15:59:12","level":"warn","message":"Request completed","service":"cotchel-server","environment":"development","requestId":"3k4byadfgvpgkq513mpzbi","method":"GET","url":"/seller","statusCode":403,"duration":"4ms","ip":"::1","userId":"anonymous"}
{"timestamp":"2025-07-06 15:59:12","level":"warn","message":"Request completed","service":"cotchel-server","environment":"development","requestId":"xljixa09gedcgw13vkhmnn","method":"GET","url":"/seller","statusCode":403,"duration":"5ms","ip":"::1","userId":"anonymous"}
{"timestamp":"2025-07-06 15:59:25","level":"warn","message":"Request completed","service":"cotchel-server","environment":"development","requestId":"szksqd9bs6brop4vq2how8","method":"GET","url":"/seller?page=1&limit=10","statusCode":403,"duration":"11ms","ip":"::1","userId":"anonymous"}
{"timestamp":"2025-07-06 15:59:25","level":"warn","message":"Request completed","service":"cotchel-server","environment":"development","requestId":"toojwh5d2aibcx0rnzzh","method":"GET","url":"/seller","statusCode":403,"duration":"7ms","ip":"::1","userId":"anonymous"}
{"timestamp":"2025-07-06 15:59:25","level":"warn","message":"Request completed","service":"cotchel-server","environment":"development","requestId":"83fsopaa22y5tlm3d6fad","method":"GET","url":"/seller","statusCode":403,"duration":"14ms","ip":"::1","userId":"anonymous"}
{"timestamp":"2025-07-06 15:59:40","level":"warn","message":"Request completed","service":"cotchel-server","environment":"development","requestId":"089bq09qg2k7zdnl907ji6","method":"GET","url":"/seller?page=1&limit=10","statusCode":403,"duration":"36ms","ip":"::1","userId":"anonymous"}
{"timestamp":"2025-07-06 15:59:41","level":"warn","message":"Request completed","service":"cotchel-server","environment":"development","requestId":"nrkf9l3umcno6d8mzmi9dh","method":"GET","url":"/seller","statusCode":403,"duration":"19ms","ip":"::1","userId":"anonymous"}
{"timestamp":"2025-07-06 15:59:41","level":"warn","message":"Request completed","service":"cotchel-server","environment":"development","requestId":"hffay50n2594yr1iab3g4w","method":"GET","url":"/seller?page=1&limit=10","statusCode":403,"duration":"20ms","ip":"::1","userId":"anonymous"}
{"timestamp":"2025-07-06 15:59:41","level":"warn","message":"Request completed","service":"cotchel-server","environment":"development","requestId":"ou05jcomwh4dyvvngpbma","method":"GET","url":"/seller","statusCode":403,"duration":"9ms","ip":"::1","userId":"anonymous"}
{"timestamp":"2025-07-06 16:39:24","level":"warn","message":"Request completed","service":"cotchel-server","environment":"development","requestId":"1ji4qvbo2om0i4rtd86l6jp","method":"GET","url":"/seller","statusCode":403,"duration":"6ms","ip":"::1","userId":"anonymous"}
{"timestamp":"2025-07-06 16:39:24","level":"warn","message":"Request completed","service":"cotchel-server","environment":"development","requestId":"sxvx3x7t0mfhmnmfnkmajm","method":"GET","url":"/seller?page=1&limit=10","statusCode":403,"duration":"8ms","ip":"::1","userId":"anonymous"}
{"timestamp":"2025-07-06 16:39:24","level":"warn","message":"Request completed","service":"cotchel-server","environment":"development","requestId":"3xhxkd5qppt9hdpmvsa4l8","method":"GET","url":"/seller","statusCode":403,"duration":"27ms","ip":"::1","userId":"anonymous"}
{"timestamp":"2025-07-06 16:39:32","level":"warn","message":"Request completed","service":"cotchel-server","environment":"development","requestId":"sggl3rjz8thrkktf5pcyl8","method":"GET","url":"/seller","statusCode":403,"duration":"6ms","ip":"::1","userId":"anonymous"}
{"timestamp":"2025-07-06 16:39:32","level":"warn","message":"Request completed","service":"cotchel-server","environment":"development","requestId":"79shw46qjecd4e1tggcbw4","method":"GET","url":"/seller","statusCode":403,"duration":"26ms","ip":"::1","userId":"anonymous"}
{"timestamp":"2025-07-06 16:39:32","level":"warn","message":"Request completed","service":"cotchel-server","environment":"development","requestId":"ss013qyghlfvqlkya12pvg","method":"GET","url":"/seller?page=1&limit=10","statusCode":403,"duration":"22ms","ip":"::1","userId":"anonymous"}
{"timestamp":"2025-07-06 16:39:38","level":"warn","message":"Request completed","service":"cotchel-server","environment":"development","requestId":"hgnfva9b6a6e8kn80x3c5","method":"GET","url":"/seller","statusCode":403,"duration":"7ms","ip":"::1","userId":"anonymous"}
{"timestamp":"2025-07-06 16:39:38","level":"warn","message":"Request completed","service":"cotchel-server","environment":"development","requestId":"fl07j52esrrq6rn332ao","method":"GET","url":"/seller?page=1&limit=10","statusCode":403,"duration":"6ms","ip":"::1","userId":"anonymous"}
{"timestamp":"2025-07-06 16:39:38","level":"warn","message":"Request completed","service":"cotchel-server","environment":"development","requestId":"pwgdest0ta9ki9i4pt5gj","method":"GET","url":"/seller","statusCode":403,"duration":"7ms","ip":"::1","userId":"anonymous"}
{"timestamp":"2025-07-06 16:51:18","level":"warn","message":"Request completed","service":"cotchel-server","environment":"development","requestId":"xyonthx3btp1mfpiofzya3","method":"PATCH","url":"/edit","statusCode":500,"duration":"100ms","ip":"::1","userId":"anonymous"}
{"timestamp":"2025-07-06 16:51:25","level":"warn","message":"Request completed","service":"cotchel-server","environment":"development","requestId":"9sbt4gp7x8qss3hqyo7zi","method":"PATCH","url":"/edit","statusCode":500,"duration":"75ms","ip":"::1","userId":"anonymous"}
{"timestamp":"2025-07-06 16:51:37","level":"warn","message":"Request completed","service":"cotchel-server","environment":"development","requestId":"40yciefy6s26t84s04dd1e","method":"PATCH","url":"/edit","statusCode":500,"duration":"78ms","ip":"::1","userId":"anonymous"}
{"timestamp":"2025-07-06 16:57:43","level":"warn","message":"Request completed","service":"cotchel-server","environment":"development","requestId":"zx1dmz0xojyzg8o35h64n","method":"GET","url":"/seller","statusCode":403,"duration":"7ms","ip":"::1","userId":"anonymous"}
{"timestamp":"2025-07-06 16:57:43","level":"warn","message":"Request completed","service":"cotchel-server","environment":"development","requestId":"mqu1ga8kinkv0zbt79nwo","method":"GET","url":"/seller?page=1&limit=10","statusCode":403,"duration":"19ms","ip":"::1","userId":"anonymous"}
{"timestamp":"2025-07-06 16:57:44","level":"warn","message":"Request completed","service":"cotchel-server","environment":"development","requestId":"kplght8pag3ws1qax28xf","method":"GET","url":"/seller","statusCode":403,"duration":"32ms","ip":"::1","userId":"anonymous"}
{"timestamp":"2025-07-06 16:57:44","level":"warn","message":"Request completed","service":"cotchel-server","environment":"development","requestId":"36jbu2j6dzzowj2yhg6ty","method":"GET","url":"/seller?page=1&limit=10","statusCode":403,"duration":"43ms","ip":"::1","userId":"anonymous"}
{"timestamp":"2025-07-06 17:30:17","level":"warn","message":"Request completed","service":"cotchel-server","environment":"development","requestId":"5jxdhezdhwaxm25anprqr","method":"GET","url":"/seller?page=1&limit=10","statusCode":403,"duration":"12ms","ip":"::1","userId":"anonymous"}
{"timestamp":"2025-07-06 17:30:17","level":"warn","message":"Request completed","service":"cotchel-server","environment":"development","requestId":"i5c6cqr5bemee0l1zp25c","method":"GET","url":"/seller","statusCode":403,"duration":"7ms","ip":"::1","userId":"anonymous"}
{"timestamp":"2025-07-06 17:30:17","level":"warn","message":"Request completed","service":"cotchel-server","environment":"development","requestId":"ife8hijyc8qzyoawgye7ke","method":"GET","url":"/seller","statusCode":403,"duration":"36ms","ip":"::1","userId":"anonymous"}
{"timestamp":"2025-07-06 17:30:22","level":"warn","message":"Request completed","service":"cotchel-server","environment":"development","requestId":"lzwuz4ijn4ukawiv62yaf","method":"GET","url":"/seller","statusCode":403,"duration":"11ms","ip":"::1","userId":"anonymous"}
{"timestamp":"2025-07-06 17:30:22","level":"warn","message":"Request completed","service":"cotchel-server","environment":"development","requestId":"muvrm0osrjr5chsg3ysnmk","method":"GET","url":"/seller?page=1&limit=10","statusCode":403,"duration":"7ms","ip":"::1","userId":"anonymous"}
{"timestamp":"2025-07-06 17:30:22","level":"warn","message":"Request completed","service":"cotchel-server","environment":"development","requestId":"yauux34splggh66dq846eg","method":"GET","url":"/seller","statusCode":403,"duration":"8ms","ip":"::1","userId":"anonymous"}
{"timestamp":"2025-07-06 17:30:22","level":"warn","message":"Request completed","service":"cotchel-server","environment":"development","requestId":"sqybzxrsrcb4r74o4lruv4","method":"GET","url":"/seller?page=1&limit=10","statusCode":403,"duration":"20ms","ip":"::1","userId":"anonymous"}
{"timestamp":"2025-07-06 17:33:20","level":"warn","message":"Request completed","service":"cotchel-server","environment":"development","requestId":"8upz32zaqmdk9vkqpymj6i","method":"GET","url":"/seller","statusCode":403,"duration":"4ms","ip":"::1","userId":"anonymous"}
{"timestamp":"2025-07-06 17:33:20","level":"warn","message":"Request completed","service":"cotchel-server","environment":"development","requestId":"k281x4mmza2pyzf2z22zy","method":"GET","url":"/seller?page=1&limit=10","statusCode":403,"duration":"7ms","ip":"::1","userId":"anonymous"}
{"timestamp":"2025-07-06 17:33:20","level":"warn","message":"Request completed","service":"cotchel-server","environment":"development","requestId":"pfm50gbefaojw0b1ke4tl","method":"GET","url":"/seller","statusCode":403,"duration":"19ms","ip":"::1","userId":"anonymous"}
{"timestamp":"2025-07-06 17:33:29","level":"warn","message":"Request completed","service":"cotchel-server","environment":"development","requestId":"2vk1vdz19f962vdgstmvqp","method":"GET","url":"/seller","statusCode":403,"duration":"7ms","ip":"::1","userId":"anonymous"}
{"timestamp":"2025-07-06 17:33:29","level":"warn","message":"Request completed","service":"cotchel-server","environment":"development","requestId":"pj7e4xmb3bboiujgkw8k4","method":"GET","url":"/seller?page=1&limit=10","statusCode":403,"duration":"12ms","ip":"::1","userId":"anonymous"}
{"timestamp":"2025-07-06 17:33:29","level":"warn","message":"Request completed","service":"cotchel-server","environment":"development","requestId":"1jdn7k3j4dgvstsokccrfg","method":"GET","url":"/seller","statusCode":403,"duration":"4ms","ip":"::1","userId":"anonymous"}
{"timestamp":"2025-07-06 17:53:02","level":"warn","message":"Request completed","service":"cotchel-server","environment":"development","requestId":"wtzxuenbw6m3z4xh0cuizr","method":"GET","url":"/seller","statusCode":403,"duration":"13ms","ip":"::1","userId":"anonymous"}
{"timestamp":"2025-07-06 17:53:02","level":"warn","message":"Request completed","service":"cotchel-server","environment":"development","requestId":"hu87ju40ish5qqunx11u9t","method":"GET","url":"/seller","statusCode":403,"duration":"7ms","ip":"::1","userId":"anonymous"}
{"timestamp":"2025-07-06 17:53:14","level":"warn","message":"Request completed","service":"cotchel-server","environment":"development","requestId":"nj8523bkqxb8l3jsdak4a2","method":"GET","url":"/seller?page=1&limit=10","statusCode":403,"duration":"7ms","ip":"::1","userId":"anonymous"}
{"timestamp":"2025-07-06 17:53:20","level":"warn","message":"Request completed","service":"cotchel-server","environment":"development","requestId":"nt1yz0wvvsfe3y7zkqohf","method":"GET","url":"/seller","statusCode":403,"duration":"3ms","ip":"::1","userId":"anonymous"}
{"timestamp":"2025-07-06 17:53:20","level":"warn","message":"Request completed","service":"cotchel-server","environment":"development","requestId":"9gyuppaqx6ahxpixoacea","method":"GET","url":"/seller","statusCode":403,"duration":"3ms","ip":"::1","userId":"anonymous"}
{"timestamp":"2025-07-06 17:54:18","level":"warn","message":"Request completed","service":"cotchel-server","environment":"development","requestId":"i7kl4a4avyip74l3dnrmm","method":"GET","url":"/seller?page=1&limit=10","statusCode":403,"duration":"5ms","ip":"::1","userId":"anonymous"}
{"timestamp":"2025-07-06 18:20:09","level":"warn","message":"Request completed","service":"cotchel-server","environment":"development","requestId":"oqiwe1wp5t64f83qe6zay","method":"GET","url":"/seller","statusCode":403,"duration":"6ms","ip":"::1","userId":"anonymous"}
{"timestamp":"2025-07-06 18:20:09","level":"warn","message":"Request completed","service":"cotchel-server","environment":"development","requestId":"a00ulxto8vhubn47bxfm","method":"GET","url":"/seller","statusCode":403,"duration":"8ms","ip":"::1","userId":"anonymous"}
{"timestamp":"2025-07-06 18:20:30","level":"warn","message":"Request completed","service":"cotchel-server","environment":"development","requestId":"8yr4tolu60qlcw7tqjexi","method":"GET","url":"/seller?page=1&limit=10","statusCode":403,"duration":"10ms","ip":"::1","userId":"anonymous"}
{"timestamp":"2025-07-06 19:06:32","level":"warn","message":"Request completed","service":"cotchel-server","environment":"development","requestId":"1jwdk2wr46g27bsv61zx6","method":"GET","url":"/seller","statusCode":403,"duration":"14ms","ip":"::1","userId":"anonymous"}
{"timestamp":"2025-07-06 19:06:33","level":"warn","message":"Request completed","service":"cotchel-server","environment":"development","requestId":"plyv7gjzy8axrsdmmjzrj","method":"GET","url":"/seller","statusCode":403,"duration":"7ms","ip":"::1","userId":"anonymous"}
{"timestamp":"2025-07-06 19:27:59","level":"warn","message":"Request completed","service":"cotchel-server","environment":"development","requestId":"rposnsx6s9ixdfvzsmd6cc","method":"GET","url":"/seller?page=1&limit=10","statusCode":403,"duration":"6ms","ip":"::1","userId":"anonymous"}
{"timestamp":"2025-07-06 19:28:23","level":"warn","message":"Request completed","service":"cotchel-server","environment":"development","requestId":"yt6yao596jnj7n3hf22ws","method":"GET","url":"/items","statusCode":404,"duration":"57ms","ip":"::1","userId":"anonymous"}
{"timestamp":"2025-07-06 19:28:23","level":"warn","message":"Request completed","service":"cotchel-server","environment":"development","requestId":"nnkryvqcpbloddy116kxws","method":"GET","url":"/items","statusCode":404,"duration":"44ms","ip":"::1","userId":"anonymous"}
{"timestamp":"2025-07-06 23:11:47","level":"warn","message":"Request completed","service":"cotchel-server","environment":"development","requestId":"r4rp1p2n6kr1museckx3y1","method":"GET","url":"/seller","statusCode":403,"duration":"8ms","ip":"::1","userId":"anonymous"}
{"timestamp":"2025-07-06 23:11:47","level":"warn","message":"Request completed","service":"cotchel-server","environment":"development","requestId":"2993c9e2kaizhzrgkoizk","method":"GET","url":"/seller","statusCode":403,"duration":"13ms","ip":"::1","userId":"anonymous"}
{"timestamp":"2025-07-06 23:12:02","level":"warn","message":"Request completed","service":"cotchel-server","environment":"development","requestId":"8iilixfx5qbc5s837hun1q","method":"GET","url":"/seller","statusCode":403,"duration":"14ms","ip":"::1","userId":"anonymous"}
{"timestamp":"2025-07-06 23:12:02","level":"warn","message":"Request completed","service":"cotchel-server","environment":"development","requestId":"aamgs2fyoag67bxoug5bb","method":"GET","url":"/seller","statusCode":403,"duration":"11ms","ip":"::1","userId":"anonymous"}
{"timestamp":"2025-07-06 23:15:53","level":"warn","message":"Request completed","service":"cotchel-server","environment":"development","requestId":"flj9a4681h7fs6qss4zwrs","method":"GET","url":"/seller","statusCode":403,"duration":"11ms","ip":"::1","userId":"anonymous"}
{"timestamp":"2025-07-06 23:15:53","level":"warn","message":"Request completed","service":"cotchel-server","environment":"development","requestId":"wmj3u5r5ab3a70vq14hrh","method":"GET","url":"/seller","statusCode":403,"duration":"14ms","ip":"::1","userId":"anonymous"}
{"timestamp":"2025-07-06 23:20:44","level":"warn","message":"Request completed","service":"cotchel-server","environment":"development","requestId":"rbxshc3wyv8v7hve8u6c3l","method":"GET","url":"/items","statusCode":404,"duration":"70ms","ip":"::1","userId":"anonymous"}
{"timestamp":"2025-07-06 23:20:44","level":"warn","message":"Request completed","service":"cotchel-server","environment":"development","requestId":"q15sls2ftmnyz9n12bb9td","method":"GET","url":"/items","statusCode":404,"duration":"65ms","ip":"::1","userId":"anonymous"}
{"timestamp":"2025-07-06 23:20:46","level":"warn","message":"Request completed","service":"cotchel-server","environment":"development","requestId":"mvjjzu63upgsg0q7wil9z","method":"GET","url":"/seller","statusCode":403,"duration":"4ms","ip":"::1","userId":"anonymous"}
{"timestamp":"2025-07-06 23:20:46","level":"warn","message":"Request completed","service":"cotchel-server","environment":"development","requestId":"o2myqpz2enlkg75i2qsqe","method":"GET","url":"/seller","statusCode":403,"duration":"3ms","ip":"::1","userId":"anonymous"}
{"timestamp":"2025-07-06 23:21:55","level":"warn","message":"Request completed","service":"cotchel-server","environment":"development","requestId":"n4xajax5dtnyqnaukk7yro","method":"GET","url":"/seller?page=1&limit=10","statusCode":403,"duration":"39ms","ip":"::1","userId":"anonymous"}
{"timestamp":"2025-07-06 23:21:55","level":"warn","message":"Request completed","service":"cotchel-server","environment":"development","requestId":"trbu779h6gcxtd845nr0q","method":"GET","url":"/seller?page=1&limit=10","statusCode":403,"duration":"35ms","ip":"::1","userId":"anonymous"}
{"timestamp":"2025-07-06 23:22:09","level":"warn","message":"Request completed","service":"cotchel-server","environment":"development","requestId":"z3hmue197my5oo1tw1qm8","method":"GET","url":"/seller?page=1&limit=10","statusCode":403,"duration":"15ms","ip":"::1","userId":"anonymous"}
{"timestamp":"2025-07-06 23:22:09","level":"warn","message":"Request completed","service":"cotchel-server","environment":"development","requestId":"mfnzxqs8tgttw9s05vwqk","method":"GET","url":"/seller?page=1&limit=10","statusCode":403,"duration":"14ms","ip":"::1","userId":"anonymous"}
{"timestamp":"2025-07-06 23:22:12","level":"warn","message":"Request completed","service":"cotchel-server","environment":"development","requestId":"iv8kupfjaygh9ngmzr85zr","method":"GET","url":"/seller","statusCode":403,"duration":"23ms","ip":"::1","userId":"anonymous"}
{"timestamp":"2025-07-06 23:22:12","level":"warn","message":"Request completed","service":"cotchel-server","environment":"development","requestId":"6890k0w3qddvhhz6bihxdr","method":"GET","url":"/seller","statusCode":403,"duration":"10ms","ip":"::1","userId":"anonymous"}
{"timestamp":"2025-07-06 23:22:12","level":"warn","message":"Request completed","service":"cotchel-server","environment":"development","requestId":"m5pk9ne74apz61yxbhl12","method":"GET","url":"/auth/profile","statusCode":429,"duration":"33ms","ip":"::1","userId":"anonymous"}
{"timestamp":"2025-07-06 23:22:33","level":"warn","message":"Request completed","service":"cotchel-server","environment":"development","requestId":"2hcmbxaq0uju1k6gtnztie","method":"GET","url":"/cart/item-count","statusCode":429,"duration":"2ms","ip":"::1","userId":"anonymous"}
{"timestamp":"2025-07-06 23:22:33","level":"warn","message":"Request completed","service":"cotchel-server","environment":"development","requestId":"hbe1ryfezfcat2hw26uznn","method":"GET","url":"/orders","statusCode":429,"duration":"3ms","ip":"::1","userId":"anonymous"}
{"timestamp":"2025-07-06 23:22:33","level":"warn","message":"Request completed","service":"cotchel-server","environment":"development","requestId":"b0vx8hefl7uccd0swltitp","method":"GET","url":"/orders","statusCode":429,"duration":"3ms","ip":"::1","userId":"anonymous"}
{"timestamp":"2025-07-06 23:22:43","level":"warn","message":"Request completed","service":"cotchel-server","environment":"development","requestId":"pww7f2tgetd79axcwax8vb","method":"GET","url":"/cart/item-count","statusCode":429,"duration":"10ms","ip":"::1","userId":"anonymous"}
{"timestamp":"2025-07-06 23:22:43","level":"warn","message":"Request completed","service":"cotchel-server","environment":"development","requestId":"yu5a8jbi6tkkmlljygedi","method":"GET","url":"/banners","statusCode":429,"duration":"33ms","ip":"::1","userId":"anonymous"}
{"timestamp":"2025-07-06 23:22:43","level":"warn","message":"Request completed","service":"cotchel-server","environment":"development","requestId":"v8qgbdgtcx8ahyiybbube","method":"GET","url":"/wishlist/all","statusCode":429,"duration":"32ms","ip":"::1","userId":"anonymous"}
{"timestamp":"2025-07-06 23:22:43","level":"warn","message":"Request completed","service":"cotchel-server","environment":"development","requestId":"esjgfsy6o3t9l2ykdvf8xk","method":"GET","url":"/products?limit=8&sortBy=createdAt&order=desc","statusCode":429,"duration":"6ms","ip":"::1","userId":"anonymous"}
{"timestamp":"2025-07-06 23:22:43","level":"warn","message":"Request completed","service":"cotchel-server","environment":"development","requestId":"w4icgkjin0drjrak4fei8j","method":"GET","url":"/wishlist/all","statusCode":429,"duration":"12ms","ip":"::1","userId":"anonymous"}
{"timestamp":"2025-07-06 23:23:52","level":"warn","message":"Request completed","service":"cotchel-server","environment":"development","requestId":"iko4brr9tceop0u23cy4a","method":"GET","url":"/seller?page=1&limit=10","statusCode":403,"duration":"78ms","ip":"::1","userId":"anonymous"}
{"timestamp":"2025-07-06 23:23:53","level":"warn","message":"Request completed","service":"cotchel-server","environment":"development","requestId":"elabfywnnodob8g6as5x3m","method":"GET","url":"/seller?page=1&limit=10","statusCode":403,"duration":"14ms","ip":"::1","userId":"anonymous"}
{"timestamp":"2025-07-06 23:23:59","level":"warn","message":"Request completed","service":"cotchel-server","environment":"development","requestId":"8mu0thokc82334ii59ejrb","method":"GET","url":"/seller","statusCode":403,"duration":"13ms","ip":"::1","userId":"anonymous"}
{"timestamp":"2025-07-06 23:23:59","level":"warn","message":"Request completed","service":"cotchel-server","environment":"development","requestId":"ypnwud01ra8t41ddqin6je","method":"GET","url":"/seller","statusCode":403,"duration":"7ms","ip":"::1","userId":"anonymous"}
{"timestamp":"2025-07-06 23:24:50","level":"warn","message":"Request completed","service":"cotchel-server","environment":"development","requestId":"ed5k22x94esm1u8zz0li","method":"GET","url":"/seller?page=1&limit=10","statusCode":403,"duration":"19ms","ip":"::1","userId":"anonymous"}
{"timestamp":"2025-07-06 23:24:50","level":"warn","message":"Request completed","service":"cotchel-server","environment":"development","requestId":"dgxyk5i5u28bc5sbyy1zfu","method":"GET","url":"/seller?page=1&limit=10","statusCode":403,"duration":"9ms","ip":"::1","userId":"anonymous"}
{"timestamp":"2025-07-06 23:27:51","level":"warn","message":"Request completed","service":"cotchel-server","environment":"development","requestId":"2xb4zou6de73rf3dgslm2a","method":"GET","url":"/seller","statusCode":403,"duration":"301ms","ip":"::1","userId":"anonymous"}
{"timestamp":"2025-07-06 23:27:52","level":"warn","message":"Request completed","service":"cotchel-server","environment":"development","requestId":"s1oba9iu6oknwc8vhc604j","method":"GET","url":"/seller","statusCode":403,"duration":"233ms","ip":"::1","userId":"anonymous"}
{"timestamp":"2025-07-06 23:30:33","level":"warn","message":"Request completed","service":"cotchel-server","environment":"development","requestId":"wde17v66h9swwkurvigbjs","method":"GET","url":"/seller?page=1&limit=10","statusCode":403,"duration":"6ms","ip":"::1","userId":"anonymous"}
{"timestamp":"2025-07-06 23:30:33","level":"warn","message":"Request completed","service":"cotchel-server","environment":"development","requestId":"nxxxt424cd4taocw8m2jn","method":"GET","url":"/seller?page=1&limit=10","statusCode":403,"duration":"6ms","ip":"::1","userId":"anonymous"}
{"timestamp":"2025-07-06 23:33:18","level":"warn","message":"Request completed","service":"cotchel-server","environment":"development","requestId":"j0ij8bwc3ysp9iarc20yj","method":"GET","url":"/seller?page=1&limit=10","statusCode":403,"duration":"47ms","ip":"::1","userId":"anonymous"}
{"timestamp":"2025-07-06 23:38:09","level":"warn","message":"Request completed","service":"cotchel-server","environment":"development","requestId":"llfik7vmoyp5iyocndw1f4","method":"GET","url":"/seller?page=1&limit=10","statusCode":403,"duration":"49ms","ip":"::1","userId":"anonymous"}
{"timestamp":"2025-07-06 23:38:10","level":"warn","message":"Request completed","service":"cotchel-server","environment":"development","requestId":"tv1hwtizqjempszc6fi5n","method":"GET","url":"/seller?page=1&limit=10","statusCode":403,"duration":"14ms","ip":"::1","userId":"anonymous"}
{"timestamp":"2025-07-07 00:18:25","level":"warn","message":"Request completed","service":"cotchel-server","environment":"development","requestId":"4ry78c6iyu4gye8oc6gyd","method":"GET","url":"/seller?page=1&limit=10","statusCode":403,"duration":"18ms","ip":"::1","userId":"anonymous"}
{"timestamp":"2025-07-07 00:18:26","level":"warn","message":"Request completed","service":"cotchel-server","environment":"development","requestId":"ndaxjrp1ha2ov60bolsog","method":"GET","url":"/seller?page=1&limit=10","statusCode":403,"duration":"13ms","ip":"::1","userId":"anonymous"}
{"timestamp":"2025-07-07 11:59:02","level":"warn","message":"Request completed","service":"cotchel-server","environment":"development","requestId":"83adizpr3ygiabsd7gubn","method":"GET","url":"/seller?page=1&limit=10","statusCode":403,"duration":"50ms","ip":"::1","userId":"anonymous"}
{"timestamp":"2025-07-07 11:59:03","level":"warn","message":"Request completed","service":"cotchel-server","environment":"development","requestId":"wma6kagqvi67or336w3ee","method":"GET","url":"/seller?page=1&limit=10","statusCode":403,"duration":"20ms","ip":"::1","userId":"anonymous"}
{"timestamp":"2025-07-08 13:30:24","level":"warn","message":"Request completed","service":"cotchel-server","environment":"development","requestId":"i807p7ae5gikzrtiswgeb","method":"GET","url":"/me","statusCode":401,"duration":"5ms","ip":"::1","userId":"anonymous"}
{"timestamp":"2025-07-08 13:34:40","level":"warn","message":"Request completed","service":"cotchel-server","environment":"development","requestId":"6k7l6pojc4ovs1m29xc52c","method":"GET","url":"/items","statusCode":404,"duration":"63ms","ip":"::1","userId":"anonymous"}
{"timestamp":"2025-07-08 13:34:40","level":"warn","message":"Request completed","service":"cotchel-server","environment":"development","requestId":"ex6fqlbbzr71254nw4abb0q","method":"GET","url":"/items","statusCode":404,"duration":"46ms","ip":"::1","userId":"anonymous"}
